********************************************************************************
Probe Values Report, written on Wed Jun  3 23:30:23 2026

Source
-------

   ODB: C:/Users/pedro/OneDrive - UFRGS/2026-1/eng01036/abaqus/minha-simulacao-1.odb
   Step: analise_elastica_linear
   Frame: Increment      1: Step Time =    1.000
   Variable: S, S33 (Avg: 100)

Probe values reported at nodes

  Part Instance     Node ID                   Orig. Coords                                     Def. Coords                 
                                    X               Y               Z               X               Y               Z      
-------------------------------------------------------------------------------------------------------------------------
    Viga 1-1         330             30.             25.              0.             30.             25.     75.8751E-30
    Viga 1-1          55              0.             25.              0.      14.977E-30             25.     75.8751E-30
    Viga 1-1         165             12.             25.              0.             12.             25.     141.297E-30
    Viga 1-1         220             18.             25.              0.             18.             25.     141.297E-30


  Part Instance     Node ID  Attached elements          S, S33
---------------------------------------------------------------
    Viga 1-1         330             200     6.46011E+06
    Viga 1-1          55              40     6.46011E+06
    Viga 1-1         165              80     6.44123E+06
    Viga 1-1         165             120     6.44123E+06
    Viga 1-1         220             120     6.44123E+06
    Viga 1-1         220             160     6.44123E+06


********************************************************************************
Probe Values Report, written on Wed Jun  3 23:30:27 2026

Source
-------

   ODB: C:/Users/pedro/OneDrive - UFRGS/2026-1/eng01036/abaqus/minha-simulacao-1.odb
   Step: analise_elastica_linear
   Frame: Increment      1: Step Time =    1.000
   Variable: S, S33 (Avg: 100)

Probe values reported at nodes

  Part Instance     Node ID                   Orig. Coords                                     Def. Coords                 
                                    X               Y               Z               X               Y               Z      
-------------------------------------------------------------------------------------------------------------------------
    Viga 1-1         330             30.             25.              0.             30.             25.     75.8751E-30
    Viga 1-1          55              0.             25.              0.      14.977E-30             25.     75.8751E-30
    Viga 1-1         165             12.             25.              0.             12.             25.     141.297E-30
    Viga 1-1         220             18.             25.              0.             18.             25.     141.297E-30


  Part Instance     Node ID  Attached elements          S, S33
---------------------------------------------------------------
    Viga 1-1         330             200     6.46011E+06
    Viga 1-1          55              40     6.46011E+06
    Viga 1-1         165              80     6.44123E+06
    Viga 1-1         165             120     6.44123E+06
    Viga 1-1         220             120     6.44123E+06
    Viga 1-1         220             160     6.44123E+06


